<?xml version="1.0" encoding="UTF-8"?>
<testsuite xmlns:xsi="http://www.w3.org/2001/XMLSchema-instance" xsi:noNamespaceSchemaLocation="https://maven.apache.org/surefire/maven-surefire-plugin/xsd/surefire-test-report.xsd" name="RunnerTopluCalistirmaJsonRaporlu" time="7.313" tests="1" errors="0" skipped="0" failures="0">
  <properties>
[...]
</properties>
  <testcase name="TC24 Excel&apos;de datalar kullanilabilmeli" classname="io.cucumber.junit.platform.engine.CucumberTestEngine" time="6.314"/>
</testsuite>